1632686389755	geckodriver	INFO	Listening on 127.0.0.1:52352
1632686392837	mozrunner::runner	INFO	Running command: "C:\\Program Files\\Mozilla Firefox\\firefox.exe" "--marionette" "-no-remote" "-profile" "C:\\Users\\loren\\AppData\\Local\\Temp\\rust_mozprofileTXnWHl"
1632686393173	Marionette	INFO	Marionette enabled
console.warn: SearchSettings: "get: No settings file exists, new profile?" (new NotFoundError("Could not open the file at C:\\Users\\loren\\AppData\\Local\\Temp\\rust_mozprofileTXnWHl\\search.json.mozlz4", (void 0)))
1632686395341	Marionette	INFO	Listening on port 52362
1632686395510	RemoteAgent	WARN	TLS certificate errors will be ignored for this session
1632686399653	Marionette	INFO	Stopped listening on port 52362
JavaScript error: resource:///modules/Interactions.jsm, line 230: NS_ERROR_FAILURE: Component returned failure code: 0x80004005 (NS_ERROR_FAILURE) [nsIUserIdleService.removeIdleObserver]

###!!! [Parent][RunMessage] Error: Channel closing: too late to send/recv, messages will be lost

1632848400651	geckodriver	INFO	Listening on 127.0.0.1:53804
1632848403722	mozrunner::runner	INFO	Running command: "C:\\Program Files\\Mozilla Firefox\\firefox.exe" "--marionette" "-no-remote" "-profile" "C:\\Users\\loren\\AppData\\Local\\Temp\\rust_mozprofilefDx5vL"
1632848405394	Marionette	INFO	Marionette enabled
console.warn: SearchSettings: "get: No settings file exists, new profile?" (new NotFoundError("Could not open the file at C:\\Users\\loren\\AppData\\Local\\Temp\\rust_mozprofilefDx5vL\\search.json.mozlz4", (void 0)))
1632848409668	Marionette	INFO	Listening on port 53814
1632848410121	RemoteAgent	WARN	TLS certificate errors will be ignored for this session
JavaScript warning: https://gestioneorari.didattica.unimib.it/PortaleStudentiUnimib/js/jquery.min.js, line 2: Using //@ to indicate sourceMappingURL pragmas is deprecated. Use //# instead
1632848434682	Marionette	WARN	Ignoring event 'DOMContentLoaded' because document has an invalid readyState of 'complete'.
JavaScript error: resource:///actors/ContentMetaChild.jsm, line 179: InvalidStateError: JSWindowActorChild.sendAsyncMessage: JSWindowActorChild cannot send at the moment
1632848436135	Marionette	WARN	Ignoring event 'DOMContentLoaded' because document has an invalid readyState of 'complete'.
JavaScript warning: https://gestioneorari.didattica.unimib.it/PortaleStudentiUnimib/js/jquery.min.js, line 2: Using //@ to indicate sourceMappingURL pragmas is deprecated. Use //# instead
1632848436851	Marionette	WARN	Ignoring event 'DOMContentLoaded' because document has an invalid readyState of 'complete'.
JavaScript warning: https://gestioneorari.didattica.unimib.it/PortaleStudentiUnimib/js/jquery.min.js, line 2: Using //@ to indicate sourceMappingURL pragmas is deprecated. Use //# instead
JavaScript warning: https://gestioneorari.didattica.unimib.it/PortaleStudentiUnimib/js/jquery.min.js, line 2: Using //@ to indicate sourceMappingURL pragmas is deprecated. Use //# instead
1632848651788	Marionette	INFO	Stopped listening on port 53814
JavaScript error: resource:///modules/Interactions.jsm, line 230: NS_ERROR_FAILURE: Component returned failure code: 0x80004005 (NS_ERROR_FAILURE) [nsIUserIdleService.removeIdleObserver]

###!!! [Parent][RunMessage] Error: Channel closing: too late to send/recv, messages will be lost

447943	Marionette	INFO	Listening on port 54074
1632848448316	RemoteAgent	WARN	TLS certificate errors will be ignored for this session
1632848452876	Marionette	INFO	Stopped listening on port 54074
JavaScript error: resource:///modules/Interactions.jsm, line 230: NS_ERROR_FAILURE: Component returned failure code: 0x80004005 (NS_ERROR_FAILURE) [nsIUserIdleService.removeIdleObserver]
JavaScript error: chrome://remote/content/marionette/cert.js, line 55: NS_ERROR_NOT_AVAILABLE: Component returned failure code: 0x80040111 (NS_ERROR_NOT_AVAILABLE) [nsICertOverrideService.setDisableAllSecurityChecksAndLetAttackersInterceptMyData]
1632848654722	geckodriver	INFO	Listening on 127.0.0.1:56361
1632848657783	mozrunner::runner	INFO	Running command: "C:\\Program Files\\Mozilla Firefox\\firefox.exe" "--marionette" "-no-remote" "-profile" "C:\\Users\\loren\\AppData\\Local\\Temp\\rust_mozprofile27t00S"
1632848658358	Marionette	INFO	Marionette enabled
console.warn: SearchSettings: "get: No settings file exists, new profile?" (new NotFoundError("Could not open the file at C:\\Users\\loren\\AppData\\Local\\Temp\\rust_mozprofile27t00S\\search.json.mozlz4", (void 0)))
1632848660895	Marionette	INFO	Listening on port 56371
1632848661076	RemoteAgent	WARN	TLS certificate errors will be ignored for this session
JavaScript warning: https://gestioneorari.didattica.unimib.it/PortaleStudentiUnimib/js/jquery.min.js, line 2: Using //@ to indicate sourceMappingURL pragmas is deprecated. Use //# instead
1632848666107	Marionette	WARN	Ignoring event 'DOMContentLoaded' because document has an invalid readyState of 'complete'.
1632848666699	Marionette	WARN	Ignoring event 'DOMContentLoaded' because document has an invalid readyState of 'complete'.
JavaScript warning: https://gestioneorari.didattica.unimib.it/PortaleStudentiUnimib/js/jquery.min.js, line 2: Using //@ to indicate sourceMappingURL pragmas is deprecated. Use //# instead
1632848666942	Marionette	WARN	Ignoring event 'DOMContentLoaded' because document has an invalid readyState of 'complete'.
JavaScript warning: https://gestioneorari.didattica.unimib.it/PortaleStudentiUnimib/js/jquery.min.js, line 2: Using //@ to indicate sourceMappingURL pragmas is deprecated. Use //# instead
JavaScript warning: https://gestioneorari.didattica.unimib.it/PortaleStudentiUnimib/js/jquery.min.js, line 2: Using //@ to indicate sourceMappingURL pragmas is deprecated. Use //# instead
console.error: "Error sending event: display-change"
console.error: ({})
[Exception... "Component returned failure code: 0x80070057 (NS_ERROR_ILLEGAL_VALUE) [nsIEventListenerService.getListenerInfoFor]"  nsresult: "0x80070057 (NS_ERROR_ILLEGAL_VALUE)"  location: "JS frame :: resource://devtools/server/actors/inspector/event-collector.js :: getDOMListeners :: line 266"  data: no]: getDOMListeners@resource://devtools/server/actors/inspector/event-collector.js:266:22
getListeners@resource://devtools/server/actors/inspector/event-collector.js:334:28
hasListeners@resource://devtools/server/actors/inspector/event-collector.js:227:17
hasEventListeners@resource://devtools/server/actors/inspector/event-collector.js:802:21
get _hasEventListeners@resource://devtools/server/actors/inspector/node.js:383:33
form@resource://devtools/server/actors/inspector/node.js:207:7
write@resource://devtools/shared/protocol/types.js:363:32
types.addArrayType/write/<@resource://devtools/shared/protocol/types.js:215:33
write@resource://devtools/shared/protocol/types.js:215:16
write@resource://devtools/shared/protocol/Request.js:109:22
write@resource://devtools/shared/protocol/Request.js:39:26
_sendEvent@resource://devtools/shared/protocol/Actor.js:66:24
initialize/<@resource://devtools/shared/protocol/Actor.js:46:16
_emit@resource://devtools/shared/event-emitter.js:244:34
emit@resource://devtools/shared/event-emitter.js:190:18
emit@resource://devtools/shared/event-emitter.js:342:18
_onReflows@resource://devtools/server/actors/inspector/walker.js:593:12
_emit@resource://devtools/shared/event-emitter.js:244:34
emit@resource://devtools/shared/event-emitter.js:190:18
emit@resource://devtools/shared/event-emitter.js:342:18
_startEventLoop@resource://devtools/server/actors/reflow.js:314:12
notify@resource://gre/modules/Timer.jsm:62:17

console.error: "Error while calling actor 'pagestyle's method 'isPositionEditable'" "can't access dead object"
console.error: (new TypeError("can't access dead object", "resource://devtools/server/actors/page-style.js", 603))
console.error: (new Error("Protocol error (TypeError): can't access dead object from: server0.conn0.child4/pagestyle24 (resource://devtools/server/actors/page-style.js:603:9)", "resource://devtools/shared/protocol/Front.js", 362))
console.error: "Error while calling actor 'pagestyle's method 'getUsedFontFaces'" "can't access dead object"
console.error: (new TypeError("can't access dead object", "resource://devtools/server/actors/page-style.js", 368))
console.error: "Could not get the list of font families" (new Error("Protocol error (TypeError): can't access dead object from: server0.conn0.child4/pagestyle24 (resource://devtools/server/actors/page-style.js:368:29)", "resource://devtools/shared/protocol/Front.js", 362))
1632848981517	Marionette	INFO	Stopped listening on port 56371
JavaScript error: resource:///modules/Interactions.jsm, line 230: NS_ERROR_FAILURE: Component returned failure code: 0x80004005 (NS_ERROR_FAILURE) [nsIUserIdleService.removeIdleObserver]

###!!! [Parent][RunMessage] Error: Channel closing: too late to send/recv, messages will be lost

1632848983744	geckodriver	INFO	Listening on 127.0.0.1:63145
1632848986820	mozrunner::runner	INFO	Running command: "C:\\Program Files\\Mozilla Firefox\\firefox.exe" "--marionette" "-no-remote" "-profile" "C:\\Users\\loren\\AppData\\Local\\Temp\\rust_mozprofile4ZMxj1"
1632848987299	Marionette	INFO	Marionette enabled
console.warn: SearchSettings: "get: No settings file exists, new profile?" (new NotFoundError("Could not open the file at C:\\Users\\loren\\AppData\\Local\\Temp\\rust_mozprofile4ZMxj1\\search.json.mozlz4", (void 0)))
1632848989621	Marionette	INFO	Listening on port 63154
1632848990011	RemoteAgent	WARN	TLS certificate errors will be ignored for this session
JavaScript warning: https://gestioneorari.didattica.unimib.it/PortaleStudentiUnimib/js/jquery.min.js, line 2: Using //@ to indicate sourceMappingURL pragmas is deprecated. Use //# instead
1632848993758	Marionette	WARN	Ignoring event 'DOMContentLoaded' because document has an invalid readyState of 'complete'.
1632848994321	Marionette	WARN	Ignoring event 'DOMContentLoaded' because document has an invalid readyState of 'complete'.
JavaScript warning: https://gestioneorari.didattica.unimib.it/PortaleStudentiUnimib/js/jquery.min.js, line 2: Using //@ to indicate sourceMappingURL pragmas is deprecated. Use //# instead
1632848994543	Marionette	WARN	Ignoring event 'DOMContentLoaded' because document has an invalid readyState of 'complete'.
JavaScript warning: https://gestioneorari.didattica.unimib.it/PortaleStudentiUnimib/js/jquery.min.js, line 2: Using //@ to indicate sourceMappingURL pragmas is deprecated. Use //# instead
JavaScript warning: https://gestioneorari.didattica.unimib.it/PortaleStudentiUnimib/js/jquery.min.js, line 2: Using //@ to indicate sourceMappingURL pragmas is deprecated. Use //# instead
console.log: WebExtensions: reset-default-search: starting.
console.log: WebExtensions: reset-default-search: No addons in our list are installed.
JavaScript warning: https://gestioneorari.didattica.unimib.it/PortaleStudentiUnimib/js/jquery.min.js, line 2: Using //@ to indicate sourceMappingURL pragmas is deprecated. Use //# instead
JavaScript warning: https://gestioneorari.didattica.unimib.it/PortaleStudentiUnimib/js/jquery.min.js, line 2: Using //@ to indicate sourceMappingURL pragmas is deprecated. Use //# instead
JavaScript warning: https://gestioneorari.didattica.unimib.it/PortaleStudentiUnimib/js/jquery.min.js, line 2: Using //@ to indicate sourceMappingURL pragmas is deprecated. Use //# instead
JavaScript warning: https://gestioneorari.didattica.unimib.it/PortaleStudentiUnimib/js/jquery.min.js, line 2: Using //@ to indicate sourceMappingURL pragmas is deprecated. Use //# instead
console.error: "Error sending event: display-change"
console.error: ({})
[Exception... "Component returned failure code: 0x80070057 (NS_ERROR_ILLEGAL_VALUE) [nsIEventListenerService.getListenerInfoFor]"  nsresult: "0x80070057 (NS_ERROR_ILLEGAL_VALUE)"  location: "JS frame :: resource://devtools/server/actors/inspector/event-collector.js :: getDOMListeners :: line 266"  data: no]: getDOMListeners@resource://devtools/server/actors/inspector/event-collector.js:266:22
getListeners@resource://devtools/server/actors/inspector/event-collector.js:334:28
hasListeners@resource://devtools/server/actors/inspector/event-collector.js:227:17
hasEventListeners@resource://devtools/server/actors/inspector/event-collector.js:802:21
get _hasEventListeners@resource://devtools/server/actors/inspector/node.js:383:33
form@resource://devtools/server/actors/inspector/node.js:207:7
write@resource://devtools/shared/protocol/types.js:363:32
types.addArrayType/write/<@resource://devtools/shared/protocol/types.js:215:33
write@resource://devtools/shared/protocol/types.js:215:16
write@resource://devtools/shared/protocol/Request.js:109:22
write@resource://devtools/shared/protocol/Request.js:39:26
_sendEvent@resource://devtools/shared/protocol/Actor.js:66:24
initialize/<@resource://devtools/shared/protocol/Actor.js:46:16
_emit@resource://devtools/shared/event-emitter.js:244:34
emit@resource://devtools/shared/event-emitter.js:190:18
emit@resource://devtools/shared/event-emitter.js:342:18
_onReflows@resource://devtools/server/actors/inspector/walker.js:593:12
_emit@resource://devtools/shared/event-emitter.js:244:34
emit@resource://devtools/shared/event-emitter.js:190:18
emit@resource://devtools/shared/event-emitter.js:342:18
_startEventLoop@resource://devtools/server/actors/reflow.js:314:12
notify@resource://gre/modules/Timer.jsm:62:17

console.error: "Error writing response to: getApplied"
console.error: "Error while calling actor 'pagestyle's method 'getApplied'" "can't access dead object"
console.error: (new TypeError("can't access dead object", "resource://devtools/server/actors/style-rule.js", 362))
console.error: "Error writing response to: getApplied"
console.error: "Error while calling actor 'pagestyle's method 'getApplied'" "can't access dead object"
console.error: (new TypeError("can't access dead object", "resource://devtools/server/actors/style-rule.js", 362))
console.error: "Error while calling actor 'pagestyle's method 'getLayout'" "style is null"
console.error: (new TypeError("style is null", "resource://devtools/server/actors/page-style.js", 1038))
console.error: (new Error("Protocol error (TypeError): can't access dead object from: server0.conn0.child4/pagestyle24 (resource://devtools/server/actors/style-rule.js:362:21)", "resource://devtools/shared/protocol/Front.js", 362))
console.error: (new Error("Protocol error (TypeError): style is null from: server0.conn0.child4/pagestyle24 (resource://devtools/server/actors/page-style.js:1038:7)", "resource://devtools/shared/protocol/Front.js", 362))
1632850910440	Marionette	INFO	Stopped listening on port 63154
JavaScript error: resource:///modules/Interactions.jsm, line 230: NS_ERROR_FAILURE: Component returned failure code: 0x80004005 (NS_ERROR_FAILURE) [nsIUserIdleService.removeIdleObserver]

###!!! [Parent][RunMessage] Error: Channel closing: too late to send/recv, messages will be lost

1632850912529	geckodriver	INFO	Listening on 127.0.0.1:60233
1632850915567	mozrunner::runner	INFO	Running command: "C:\\Program Files\\Mozilla Firefox\\firefox.exe" "--marionette" "-no-remote" "-profile" "C:\\Users\\loren\\AppData\\Local\\Temp\\rust_mozprofileJvcIoa"
1632850916087	Marionette	INFO	Marionette enabled
console.warn: SearchSettings: "get: No settings file exists, new profile?" (new NotFoundError("Could not open the file at C:\\Users\\loren\\AppData\\Local\\Temp\\rust_mozprofileJvcIoa\\search.json.mozlz4", (void 0)))
1632850918854	Marionette	INFO	Listening on port 60243
1632850919253	RemoteAgent	WARN	TLS certificate errors will be ignored for this session
JavaScript warning: https://gestioneorari.didattica.unimib.it/PortaleStudentiUnimib/js/jquery.min.js, line 2: Using //@ to indicate sourceMappingURL pragmas is deprecated. Use //# instead
1632850922868	Marionette	WARN	Ignoring event 'DOMContentLoaded' because document has an invalid readyState of 'complete'.
JavaScript warning: https://gestioneorari.didattica.unimib.it/PortaleStudentiUnimib/js/jquery.min.js, line 2: Using //@ to indicate sourceMappingURL pragmas is deprecated. Use //# instead
JavaScript warning: https://gestioneorari.didattica.unimib.it/PortaleStudentiUnimib/js/jquery.min.js, line 2: Using //@ to indicate sourceMappingURL pragmas is deprecated. Use //# instead
JavaScript warning: https://gestioneorari.didattica.unimib.it/PortaleStudentiUnimib/js/jquery.min.js, line 2: Using //@ to indicate sourceMappingURL pragmas is deprecated. Use //# instead
1632850965160	Marionette	INFO	Stopped listening on port 60243
JavaScript error: resource:///modules/Interactions.jsm, line 230: NS_ERROR_FAILURE: Component returned failure code: 0x80004005 (NS_ERROR_FAILURE) [nsIUserIdleService.removeIdleObserver]

###!!! [Parent][RunMessage] Error: Channel closing: too late to send/recv, messages will be lost

1632850968340	geckodriver	INFO	Listening on 127.0.0.1:60513
1632850971417	mozrunner::runner	INFO	Running command: "C:\\Program Files\\Mozilla Firefox\\firefox.exe" "--marionette" "-no-remote" "-profile" "C:\\Users\\loren\\AppData\\Local\\Temp\\rust_mozprofileW0tW34"
1632850971874	Marionette	INFO	Marionette enabled
console.warn: SearchSettings: "get: No settings file exists, new profile?" (new NotFoundError("Could not open the file at C:\\Users\\loren\\AppData\\Local\\Temp\\rust_mozprofileW0tW34\\search.json.mozlz4", (void 0)))
1632850974126	Marionette	INFO	Listening on port 60521
1632850974611	RemoteAgent	WARN	TLS certificate errors will be ignored for this session
JavaScript warning: https://gestioneorari.didattica.unimib.it/PortaleStudentiUnimib/js/jquery.min.js, line 2: Using //@ to indicate sourceMappingURL pragmas is deprecated. Use //# instead
1632850978454	Marionette	WARN	Ignoring event 'DOMContentLoaded' because document has an invalid readyState of 'complete'.
1632850979097	Marionette	WARN	Ignoring event 'DOMContentLoaded' because document has an invalid readyState of 'complete'.
JavaScript warning: https://gestioneorari.didattica.unimib.it/PortaleStudentiUnimib/js/jquery.min.js, line 2: Using //@ to indicate sourceMappingURL pragmas is deprecated. Use //# instead
1632850979337	Marionette	WARN	Ignoring event 'DOMContentLoaded' because document has an invalid readyState of 'complete'.
JavaScript warning: https://gestioneorari.didattica.unimib.it/PortaleStudentiUnimib/js/jquery.min.js, line 2: Using //@ to indicate sourceMappingURL pragmas is deprecated. Use //# instead
JavaScript warning: https://gestioneorari.didattica.unimib.it/PortaleStudentiUnimib/js/jquery.min.js, line 2: Using //@ to indicate sourceMappingURL pragmas is deprecated. Use //# instead
console.error: "Error sending event: display-change"
console.error: ({})
[Exception... "Component returned failure code: 0x80070057 (NS_ERROR_ILLEGAL_VALUE) [nsIEventListenerService.getListenerInfoFor]"  nsresult: "0x80070057 (NS_ERROR_ILLEGAL_VALUE)"  location: "JS frame :: resource://devtools/server/actors/inspector/event-collector.js :: getDOMListeners :: line 266"  data: no]: getDOMListeners@resource://devtools/server/actors/inspector/event-collector.js:266:22
getListeners@resource://devtools/server/actors/inspector/event-collector.js:334:28
hasListeners@resource://devtools/server/actors/inspector/event-collector.js:227:17
hasEventListeners@resource://devtools/server/actors/inspector/event-collector.js:802:21
get _hasEventListeners@resource://devtools/server/actors/inspector/node.js:383:33
form@resource://devtools/server/actors/inspector/node.js:207:7
write@resource://devtools/shared/protocol/types.js:363:32
types.addArrayType/write/<@resource://devtools/shared/protocol/types.js:215:33
write@resource://devtools/shared/protocol/types.js:215:16
write@resource://devtools/shared/protocol/Request.js:109:22
write@resource://devtools/shared/protocol/Request.js:39:26
_sendEvent@resource://devtools/shared/protocol/Actor.js:66:24
initialize/<@resource://devtools/shared/protocol/Actor.js:46:16
_emit@resource://devtools/shared/event-emitter.js:244:34
emit@resource://devtools/shared/event-emitter.js:190:18
emit@resource://devtools/shared/event-emitter.js:342:18
_onReflows@resource://devtools/server/actors/inspector/walker.js:593:12
_emit@resource://devtools/shared/event-emitter.js:244:34
emit@resource://devtools/shared/event-emitter.js:190:18
emit@resource://devtools/shared/event-emitter.js:342:18
_startEventLoop@resource://devtools/server/actors/reflow.js:314:12
notify@resource://gre/modules/Timer.jsm:62:17

console.error: "Error writing response to: getApplied"
console.error: "Error while calling actor 'pagestyle's method 'getApplied'" "can't access dead object"
console.error: (new TypeError("can't access dead object", "resource://devtools/server/actors/style-rule.js", 362))
console.error: "Error writing response to: getApplied"
console.error: "Error while calling actor 'pagestyle's method 'getApplied'" "can't access dead object"
console.error: (new TypeError("can't access dead object", "resource://devtools/server/actors/style-rule.js", 362))
console.error: (new Error("Protocol error (TypeError): can't access dead object from: server0.conn0.child4/pagestyle24 (resource://devtools/server/actors/style-rule.js:362:21)", "resource://devtools/shared/protocol/Front.js", 362))
console.error: (new Error("Protocol error (TypeError): can't access dead object from: server0.conn0.child4/pagestyle24 (resource://devtools/server/actors/style-rule.js:362:21)", "resource://devtools/shared/protocol/Front.js", 362))
console.error: (new Error("Protocol error (TypeError): can't access dead object from: server0.conn0.child4/pagestyle24 (resource://devtools/server/actors/style-rule.js:362:21)", "resource://devtools/shared/protocol/Front.js", 362))
console.error: (new Error("Protocol error (TypeError): can't access dead object from: server0.conn0.child4/pagestyle24 (resource://devtools/server/actors/style-rule.js:362:21)", "resource://devtools/shared/protocol/Front.js", 362))
1632851162583	Marionette	INFO	Stopped listening on port 60521
JavaScript error: resource:///modules/Interactions.jsm, line 230: NS_ERROR_FAILURE: Component returned failure code: 0x80004005 (NS_ERROR_FAILURE) [nsIUserIdleService.removeIdleObserver]
1632851170311	geckodriver	INFO	Listening on 127.0.0.1:58463
1632851173361	mozrunner::runner	INFO	Running command: "C:\\Program Files\\Mozilla Firefox\\firefox.exe" "--marionette" "-no-remote" "-profile" "C:\\Users\\loren\\AppData\\Local\\Temp\\rust_mozprofileC7OTBp"
1632851173803	Marionette	INFO	Marionette enabled
console.warn: SearchSettings: "get: No settings file exists, new profile?" (new NotFoundError("Could not open the file at C:\\Users\\loren\\AppData\\Local\\Temp\\rust_mozprofileC7OTBp\\search.json.mozlz4", (void 0)))
1632851176218	Marionette	INFO	Listening on port 58473
1632851176541	RemoteAgent	WARN	TLS certificate errors will be ignored for this session
JavaScript warning: https://gestioneorari.didattica.unimib.it/PortaleStudentiUnimib/js/jquery.min.js, line 2: Using //@ to indicate sourceMappingURL pragmas is deprecated. Use //# instead
1632851180193	Marionette	WARN	Ignoring event 'DOMContentLoaded' because document has an invalid readyState of 'complete'.
1632851180967	Marionette	WARN	Ignoring event 'DOMContentLoaded' because document has an invalid readyState of 'complete'.
JavaScript warning: https://gestioneorari.didattica.unimib.it/PortaleStudentiUnimib/js/jquery.min.js, line 2: Using //@ to indicate sourceMappingURL pragmas is deprecated. Use //# instead
1632851181234	Marionette	WARN	Ignoring event 'DOMContentLoaded' because document has an invalid readyState of 'complete'.
JavaScript warning: https://gestioneorari.didattica.unimib.it/PortaleStudentiUnimib/js/jquery.min.js, line 2: Using //@ to indicate sourceMappingURL pragmas is deprecated. Use //# instead
JavaScript warning: https://gestioneorari.didattica.unimib.it/PortaleStudentiUnimib/js/jquery.min.js, line 2: Using //@ to indicate sourceMappingURL pragmas is deprecated. Use //# instead
1632851282931	Marionette	INFO	Stopped listening on port 58473
JavaScript error: resource:///modules/Interactions.jsm, line 230: NS_ERROR_FAILURE: Component returned failure code: 0x80004005 (NS_ERROR_FAILURE) [nsIUserIdleService.removeIdleObserver]

###!!! [Parent][RunMessage] Error: Channel closing: too late to send/recv, messages will be lost

1632851285825	geckodriver	INFO	Listening on 127.0.0.1:58798
1632851288886	mozrunner::runner	INFO	Running command: "C:\\Program Files\\Mozilla Firefox\\firefox.exe" "--marionette" "-no-remote" "-profile" "C:\\Users\\loren\\AppData\\Local\\Temp\\rust_mozprofiledcaAER"
1632851289357	Marionette	INFO	Marionette enabled
console.warn: SearchSettings: "get: No settings file exists, new profile?" (new NotFoundError("Could not open the file at C:\\Users\\loren\\AppData\\Local\\Temp\\rust_mozprofiledcaAER\\search.json.mozlz4", (void 0)))
1632851291469	Marionette	INFO	Listening on port 58808
1632851291550	RemoteAgent	WARN	TLS certificate errors will be ignored for this session
JavaScript warning: https://gestioneorari.didattica.unimib.it/PortaleStudentiUnimib/js/jquery.min.js, line 2: Using //@ to indicate sourceMappingURL pragmas is deprecated. Use //# instead
1632851295343	Marionette	WARN	Ignoring event 'DOMContentLoaded' because document has an invalid readyState of 'complete'.
1632851296165	Marionette	WARN	Ignoring event 'DOMContentLoaded' because document has an invalid readyState of 'complete'.
JavaScript warning: https://gestioneorari.didattica.unimib.it/PortaleStudentiUnimib/js/jquery.min.js, line 2: Using //@ to indicate sourceMappingURL pragmas is deprecated. Use //# instead
1632851296432	Marionette	WARN	Ignoring event 'DOMContentLoaded' because document has an invalid readyState of 'complete'.
JavaScript warning: https://gestioneorari.didattica.unimib.it/PortaleStudentiUnimib/js/jquery.min.js, line 2: Using //@ to indicate sourceMappingURL pragmas is deprecated. Use //# instead
JavaScript warning: https://gestioneorari.didattica.unimib.it/PortaleStudentiUnimib/js/jquery.min.js, line 2: Using //@ to indicate sourceMappingURL pragmas is deprecated. Use //# instead
console.error: "Error sending event: display-change"
console.error: ({})
[Exception... "Component returned failure code: 0x80070057 (NS_ERROR_ILLEGAL_VALUE) [nsIEventListenerService.getListenerInfoFor]"  nsresult: "0x80070057 (NS_ERROR_ILLEGAL_VALUE)"  location: "JS frame :: resource://devtools/server/actors/inspector/event-collector.js :: getDOMListeners :: line 266"  data: no]: getDOMListeners@resource://devtools/server/actors/inspector/event-collector.js:266:22
getListeners@resource://devtools/server/actors/inspector/event-collector.js:334:28
hasListeners@resource://devtools/server/actors/inspector/event-collector.js:227:17
hasEventListeners@resource://devtools/server/actors/inspector/event-collector.js:802:21
get _hasEventListeners@resource://devtools/server/actors/inspector/node.js:383:33
form@resource://devtools/server/actors/inspector/node.js:207:7
write@resource://devtools/shared/protocol/types.js:363:32
types.addArrayType/write/<@resource://devtools/shared/protocol/types.js:215:33
write@resource://devtools/shared/protocol/types.js:215:16
write@resource://devtools/shared/protocol/Request.js:109:22
write@resource://devtools/shared/protocol/Request.js:39:26
_sendEvent@resource://devtools/shared/protocol/Actor.js:66:24
initialize/<@resource://devtools/shared/protocol/Actor.js:46:16
_emit@resource://devtools/shared/event-emitter.js:244:34
emit@resource://devtools/shared/event-emitter.js:190:18
emit@resource://devtools/shared/event-emitter.js:342:18
_onReflows@resource://devtools/server/actors/inspector/walker.js:593:12
_emit@resource://devtools/shared/event-emitter.js:244:34
emit@resource://devtools/shared/event-emitter.js:190:18
emit@resource://devtools/shared/event-emitter.js:342:18
_startEventLoop@resource://devtools/server/actors/reflow.js:314:12
notify@resource://gre/modules/Timer.jsm:62:17

console.error: "Error while calling actor 'pagestyle's method 'getLayout'" "style is null"
console.error: (new TypeError("style is null", "resource://devtools/server/actors/page-style.js", 1038))
console.error: (new Error("Protocol error (TypeError): style is null from: server0.conn0.child4/pagestyle24 (resource://devtools/server/actors/page-style.js:1038:7)", "resource://devtools/shared/protocol/Front.js", 362))
console.error: "Error while calling actor 'pagestyle's method 'isPositionEditable'" "can't access dead object"
console.error: (new TypeError("can't access dead object", "resource://devtools/server/actors/page-style.js", 603))
console.error: (new Error("Protocol error (TypeError): can't access dead object from: server0.conn0.child4/pagestyle24 (resource://devtools/server/actors/page-style.js:603:9)", "resource://devtools/shared/protocol/Front.js", 362))
console.error: "Error while calling actor 'pagestyle's method 'getUsedFontFaces'" "can't access dead object"
console.error: (new TypeError("can't access dead object", "resource://devtools/server/actors/page-style.js", 368))
console.error: "Could not get the list of font families" (new Error("Protocol error (TypeError): can't access dead object from: server0.conn0.child4/pagestyle24 (resource://devtools/server/actors/page-style.js:368:29)", "resource://devtools/shared/protocol/Front.js", 362))
1632851737885	Marionette	INFO	Stopped listening on port 58808
JavaScript error: resource:///modules/Interactions.jsm, line 230: NS_ERROR_FAILURE: Component returned failure code: 0x80004005 (NS_ERROR_FAILURE) [nsIUserIdleService.removeIdleObserver]

###!!! [Parent][RunMessage] Error: Channel closing: too late to send/recv, messages will be lost

1632851744865	geckodriver	INFO	Listening on 127.0.0.1:59402
1632851747911	mozrunner::runner	INFO	Running command: "C:\\Program Files\\Mozilla Firefox\\firefox.exe" "--marionette" "-no-remote" "-profile" "C:\\Users\\loren\\AppData\\Local\\Temp\\rust_mozprofileCHhKPk"
1632851748381	Marionette	INFO	Marionette enabled
console.warn: SearchSettings: "get: No settings file exists, new profile?" (new NotFoundError("Could not open the file at C:\\Users\\loren\\AppData\\Local\\Temp\\rust_mozprofileCHhKPk\\search.json.mozlz4", (void 0)))
1632851750804	Marionette	INFO	Listening on port 59410
1632851751079	RemoteAgent	WARN	TLS certificate errors will be ignored for this session
JavaScript warning: https://gestioneorari.didattica.unimib.it/PortaleStudentiUnimib/js/jquery.min.js, line 2: Using //@ to indicate sourceMappingURL pragmas is deprecated. Use //# instead
1632851754990	Marionette	WARN	Ignoring event 'DOMContentLoaded' because document has an invalid readyState of 'complete'.
1632851755769	Marionette	WARN	Ignoring event 'DOMContentLoaded' because document has an invalid readyState of 'complete'.
JavaScript warning: https://gestioneorari.didattica.unimib.it/PortaleStudentiUnimib/js/jquery.min.js, line 2: Using //@ to indicate sourceMappingURL pragmas is deprecated. Use //# instead
1632851756211	Marionette	WARN	Ignoring event 'DOMContentLoaded' because document has an invalid readyState of 'complete'.
JavaScript warning: https://gestioneorari.didattica.unimib.it/PortaleStudentiUnimib/js/jquery.min.js, line 2: Using //@ to indicate sourceMappingURL pragmas is deprecated. Use //# instead
JavaScript warning: https://gestioneorari.didattica.unimib.it/PortaleStudentiUnimib/js/jquery.min.js, line 2: Using //@ to indicate sourceMappingURL pragmas is deprecated. Use //# instead
console.error: "Error sending event: display-change"
console.error: ({})
[Exception... "Component returned failure code: 0x80070057 (NS_ERROR_ILLEGAL_VALUE) [nsIEventListenerService.getListenerInfoFor]"  nsresult: "0x80070057 (NS_ERROR_ILLEGAL_VALUE)"  location: "JS frame :: resource://devtools/server/actors/inspector/event-collector.js :: getDOMListeners :: line 266"  data: no]: getDOMListeners@resource://devtools/server/actors/inspector/event-collector.js:266:22
getListeners@resource://devtools/server/actors/inspector/event-collector.js:334:28
hasListeners@resource://devtools/server/actors/inspector/event-collector.js:227:17
hasEventListeners@resource://devtools/server/actors/inspector/event-collector.js:802:21
get _hasEventListeners@resource://devtools/server/actors/inspector/node.js:383:33
form@resource://devtools/server/actors/inspector/node.js:207:7
write@resource://devtools/shared/protocol/types.js:363:32
types.addArrayType/write/<@resource://devtools/shared/protocol/types.js:215:33
write@resource://devtools/shared/protocol/types.js:215:16
write@resource://devtools/shared/protocol/Request.js:109:22
write@resource://devtools/shared/protocol/Request.js:39:26
_sendEvent@resource://devtools/shared/protocol/Actor.js:66:24
initialize/<@resource://devtools/shared/protocol/Actor.js:46:16
_emit@resource://devtools/shared/event-emitter.js:244:34
emit@resource://devtools/shared/event-emitter.js:190:18
emit@resource://devtools/shared/event-emitter.js:342:18
_onReflows@resource://devtools/server/actors/inspector/walker.js:593:12
_emit@resource://devtools/shared/event-emitter.js:244:34
emit@resource://devtools/shared/event-emitter.js:190:18
emit@resource://devtools/shared/event-emitter.js:342:18
_startEventLoop@resource://devtools/server/actors/reflow.js:314:12
notify@resource://gre/modules/Timer.jsm:62:17

console.error: "Error writing response to: getApplied"
console.error: "Error while calling actor 'pagestyle's method 'getApplied'" "can't access dead object"
console.error: (new TypeError("can't access dead object", "resource://devtools/server/actors/style-rule.js", 362))
console.error: "Error writing response to: getApplied"
console.error: "Error while calling actor 'pagestyle's method 'getApplied'" "can't access dead object"
console.error: (new TypeError("can't access dead object", "resource://devtools/server/actors/style-rule.js", 362))
console.error: "Error while calling actor 'pagestyle's method 'getLayout'" "style is null"
console.error: (new TypeError("style is null", "resource://devtools/server/actors/page-style.js", 1038))
console.error: (new Error("Protocol error (TypeError): can't access dead object from: server0.conn0.child4/pagestyle24 (resource://devtools/server/actors/style-rule.js:362:21)", "resource://devtools/shared/protocol/Front.js", 362))
console.error: (new Error("Protocol error (TypeError): can't access dead object from: server0.conn0.child4/pagestyle24 (resource://devtools/server/actors/style-rule.js:362:21)", "resource://devtools/shared/protocol/Front.js", 362))
console.error: (new Error("Protocol error (TypeError): can't access dead object from: server0.conn0.child4/pagestyle24 (resource://devtools/server/actors/style-rule.js:362:21)", "resource://devtools/shared/protocol/Front.js", 362))
console.error: (new Error("Protocol error (TypeError): can't access dead object from: server0.conn0.child4/pagestyle24 (resource://devtools/server/actors/style-rule.js:362:21)", "resource://devtools/shared/protocol/Front.js", 362))
console.error: (new Error("Protocol error (TypeError): style is null from: server0.conn0.child4/pagestyle24 (resource://devtools/server/actors/page-style.js:1038:7)", "resource://devtools/shared/protocol/Front.js", 362))
1632851832587	Marionette	INFO	Stopped listening on port 59410
JavaScript error: resource:///modules/Interactions.jsm, line 230: NS_ERROR_FAILURE: Component returned failure code: 0x80004005 (NS_ERROR_FAILURE) [nsIUserIdleService.removeIdleObserver]

###!!! [Parent][RunMessage] Error: Channel closing: too late to send/recv, messages will be lost

1632851835744	geckodriver	INFO	Listening on 127.0.0.1:64170
1632851838836	mozrunner::runner	INFO	Running command: "C:\\Program Files\\Mozilla Firefox\\firefox.exe" "--marionette" "-no-remote" "-profile" "C:\\Users\\loren\\AppData\\Local\\Temp\\rust_mozprofile1t0Vfc"
1632851839326	Marionette	INFO	Marionette enabled
console.warn: SearchSettings: "get: No settings file exists, new profile?" (new NotFoundError("Could not open the file at C:\\Users\\loren\\AppData\\Local\\Temp\\rust_mozprofile1t0Vfc\\search.json.mozlz4", (void 0)))
1632851841269	Marionette	INFO	Listening on port 64179
1632851841519	RemoteAgent	WARN	TLS certificate errors will be ignored for this session
JavaScript warning: https://gestioneorari.didattica.unimib.it/PortaleStudentiUnimib/js/jquery.min.js, line 2: Using //@ to indicate sourceMappingURL pragmas is deprecated. Use //# instead
1632851845313	Marionette	WARN	Ignoring event 'DOMContentLoaded' because document has an invalid readyState of 'complete'.
1632851845908	Marionette	WARN	Ignoring event 'DOMContentLoaded' because document has an invalid readyState of 'complete'.
JavaScript warning: https://gestioneorari.didattica.unimib.it/PortaleStudentiUnimib/js/jquery.min.js, line 2: Using //@ to indicate sourceMappingURL pragmas is deprecated. Use //# instead
1632851846177	Marionette	WARN	Ignoring event 'DOMContentLoaded' because document has an invalid readyState of 'complete'.
1632851861026	Marionette	INFO	Stopped listening on port 64179
JavaScript error: resource:///modules/Interactions.jsm, line 230: NS_ERROR_FAILURE: Component returned failure code: 0x80004005 (NS_ERROR_FAILURE) [nsIUserIdleService.removeIdleObserver]
1632851865678	geckodriver	INFO	Listening on 127.0.0.1:64355
1632851868765	mozrunner::runner	INFO	Running command: "C:\\Program Files\\Mozilla Firefox\\firefox.exe" "--marionette" "-no-remote" "-profile" "C:\\Users\\loren\\AppData\\Local\\Temp\\rust_mozprofilePJNznA"
1632851869259	Marionette	INFO	Marionette enabled
console.warn: SearchSettings: "get: No settings file exists, new profile?" (new NotFoundError("Could not open the file at C:\\Users\\loren\\AppData\\Local\\Temp\\rust_mozprofilePJNznA\\search.json.mozlz4", (void 0)))
1632851871461	Marionette	INFO	Listening on port 64363
1632851871959	RemoteAgent	WARN	TLS certificate errors will be ignored for this session
JavaScript warning: https://gestioneorari.didattica.unimib.it/PortaleStudentiUnimib/js/jquery.min.js, line 2: Using //@ to indicate sourceMappingURL pragmas is deprecated. Use //# instead
1632851875824	Marionette	WARN	Ignoring event 'DOMContentLoaded' because document has an invalid readyState of 'complete'.
1632851876492	Marionette	WARN	Ignoring event 'DOMContentLoaded' because document has an invalid readyState of 'complete'.
JavaScript warning: https://gestioneorari.didattica.unimib.it/PortaleStudentiUnimib/js/jquery.min.js, line 2: Using //@ to indicate sourceMappingURL pragmas is deprecated. Use //# instead
1632851876775	Marionette	WARN	Ignoring event 'DOMContentLoaded' because document has an invalid readyState of 'complete'.
JavaScript warning: https://gestioneorari.didattica.unimib.it/PortaleStudentiUnimib/js/jquery.min.js, line 2: Using //@ to indicate sourceMappingURL pragmas is deprecated. Use //# instead
JavaScript warning: https://gestioneorari.didattica.unimib.it/PortaleStudentiUnimib/js/jquery.min.js, line 2: Using //@ to indicate sourceMappingURL pragmas is deprecated. Use //# instead
1632851911119	Marionette	INFO	Stopped listening on port 64363
JavaScript error: resource:///modules/Interactions.jsm, line 230: NS_ERROR_FAILURE: Component returned failure code: 0x80004005 (NS_ERROR_FAILURE) [nsIUserIdleService.removeIdleObserver]

###!!! [Parent][RunMessage] Error: Channel closing: too late to send/recv, messages will be lost

1632851913122	geckodriver	INFO	Listening on 127.0.0.1:64583
1632851916175	mozrunner::runner	INFO	Running command: "C:\\Program Files\\Mozilla Firefox\\firefox.exe" "--marionette" "-no-remote" "-profile" "C:\\Users\\loren\\AppData\\Local\\Temp\\rust_mozprofileNrF3bv"
1632851916642	Marionette	INFO	Marionette enabled
console.warn: SearchSettings: "get: No settings file exists, new profile?" (new NotFoundError("Could not open the file at C:\\Users\\loren\\AppData\\Local\\Temp\\rust_mozprofileNrF3bv\\search.json.mozlz4", (void 0)))
1632851919044	Marionette	INFO	Listening on port 64593
1632851919346	RemoteAgent	WARN	TLS certificate errors will be ignored for this session
JavaScript warning: https://gestioneorari.didattica.unimib.it/PortaleStudentiUnimib/js/jquery.min.js, line 2: Using //@ to indicate sourceMappingURL pragmas is deprecated. Use //# instead
1632851922839	Marionette	WARN	Ignoring event 'DOMContentLoaded' because document has an invalid readyState of 'complete'.
1632851923412	Marionette	WARN	Ignoring event 'DOMContentLoaded' because document has an invalid readyState of 'complete'.
JavaScript warning: https://gestioneorari.didattica.unimib.it/PortaleStudentiUnimib/js/jquery.min.js, line 2: Using //@ to indicate sourceMappingURL pragmas is deprecated. Use //# instead
1632851923708	Marionette	WARN	Ignoring event 'DOMContentLoaded' because document has an invalid readyState of 'complete'.
JavaScript warning: https://gestioneorari.didattica.unimib.it/PortaleStudentiUnimib/js/jquery.min.js, line 2: Using //@ to indicate sourceMappingURL pragmas is deprecated. Use //# instead
JavaScript warning: https://gestioneorari.didattica.unimib.it/PortaleStudentiUnimib/js/jquery.min.js, line 2: Using //@ to indicate sourceMappingURL pragmas is deprecated. Use //# instead
console.error: "Error while calling actor 'pagestyle's method 'getLayout'" "style is null"
console.error: (new TypeError("style is null", "resource://devtools/server/actors/page-style.js", 1038))
console.error: "Error sending event: display-change"
console.error: ({})
[Exception... "Component returned failure code: 0x80070057 (NS_ERROR_ILLEGAL_VALUE) [nsIEventListenerService.getListenerInfoFor]"  nsresult: "0x80070057 (NS_ERROR_ILLEGAL_VALUE)"  location: "JS frame :: resource://devtools/server/actors/inspector/event-collector.js :: getDOMListeners :: line 266"  data: no]: getDOMListeners@resource://devtools/server/actors/inspector/event-collector.js:266:22
getListeners@resource://devtools/server/actors/inspector/event-collector.js:334:28
hasListeners@resource://devtools/server/actors/inspector/event-collector.js:227:17
hasEventListeners@resource://devtools/server/actors/inspector/event-collector.js:802:21
get _hasEventListeners@resource://devtools/server/actors/inspector/node.js:383:33
form@resource://devtools/server/actors/inspector/node.js:207:7
write@resource://devtools/shared/protocol/types.js:363:32
types.addArrayType/write/<@resource://devtools/shared/protocol/types.js:215:33
write@resource://devtools/shared/protocol/types.js:215:16
write@resource://devtools/shared/protocol/Request.js:109:22
write@resource://devtools/shared/protocol/Request.js:39:26
_sendEvent@resource://devtools/shared/protocol/Actor.js:66:24
initialize/<@resource://devtools/shared/protocol/Actor.js:46:16
_emit@resource://devtools/shared/event-emitter.js:244:34
emit@resource://devtools/shared/event-emitter.js:190:18
emit@resource://devtools/shared/event-emitter.js:342:18
_onReflows@resource://devtools/server/actors/inspector/walker.js:593:12
_emit@resource://devtools/shared/event-emitter.js:244:34
emit@resource://devtools/shared/event-emitter.js:190:18
emit@resource://devtools/shared/event-emitter.js:342:18
_startEventLoop@resource://devtools/server/actors/reflow.js:314:12
notify@resource://gre/modules/Timer.jsm:62:17

console.error: (new Error("Protocol error (TypeError): style is null from: server0.conn0.child4/pagestyle24 (resource://devtools/server/actors/page-style.js:1038:7)", "resource://devtools/shared/protocol/Front.js", 362))
console.error: "Error while calling actor 'pagestyle's method 'isPositionEditable'" "can't access dead object"
console.error: (new TypeError("can't access dead object", "resource://devtools/server/actors/page-style.js", 603))
console.error: (new Error("Protocol error (TypeError): can't access dead object from: server0.conn0.child4/pagestyle24 (resource://devtools/server/actors/page-style.js:603:9)", "resource://devtools/shared/protocol/Front.js", 362))
console.error: "Error while calling actor 'pagestyle's method 'getUsedFontFaces'" "can't access dead object"
console.error: (new TypeError("can't access dead object", "resource://devtools/server/actors/page-style.js", 368))
console.error: "Could not get the list of font families" (new Error("Protocol error (TypeError): can't access dead object from: server0.conn0.child4/pagestyle24 (resource://devtools/server/actors/page-style.js:368:29)", "resource://devtools/shared/protocol/Front.js", 362))
1632852113476	Marionette	INFO	Stopped listening on port 64593
JavaScript error: resource:///modules/Interactions.jsm, line 230: NS_ERROR_FAILURE: Component returned failure code: 0x80004005 (NS_ERROR_FAILURE) [nsIUserIdleService.removeIdleObserver]

###!!! [Parent][RunMessage] Error: Channel closing: too late to send/recv, messages will be lost

1632852115746	geckodriver	INFO	Listening on 127.0.0.1:65167
1632852118844	mozrunner::runner	INFO	Running command: "C:\\Program Files\\Mozilla Firefox\\firefox.exe" "--marionette" "-no-remote" "-profile" "C:\\Users\\loren\\AppData\\Local\\Temp\\rust_mozprofileDFbNf5"
1632852119311	Marionette	INFO	Marionette enabled
console.warn: SearchSettings: "get: No settings file exists, new profile?" (new NotFoundError("Could not open the file at C:\\Users\\loren\\AppData\\Local\\Temp\\rust_mozprofileDFbNf5\\search.json.mozlz4", (void 0)))
1632852121740	Marionette	INFO	Listening on port 65175
1632852122020	RemoteAgent	WARN	TLS certificate errors will be ignored for this session
JavaScript warning: https://gestioneorari.didattica.unimib.it/PortaleStudentiUnimib/js/jquery.min.js, line 2: Using //@ to indicate sourceMappingURL pragmas is deprecated. Use //# instead
1632852125769	Marionette	WARN	Ignoring event 'DOMContentLoaded' because document has an invalid readyState of 'complete'.
JavaScript warning: https://gestioneorari.didattica.unimib.it/PortaleStudentiUnimib/js/jquery.min.js, line 2: Using //@ to indicate sourceMappingURL pragmas is deprecated. Use //# instead
JavaScript warning: https://gestioneorari.didattica.unimib.it/PortaleStudentiUnimib/js/jquery.min.js, line 2: Using //@ to indicate sourceMappingURL pragmas is deprecated. Use //# instead
JavaScript warning: https://gestioneorari.didattica.unimib.it/PortaleStudentiUnimib/js/jquery.min.js, line 2: Using //@ to indicate sourceMappingURL pragmas is deprecated. Use //# instead
1632852184582	Marionette	INFO	Stopped listening on port 65175
JavaScript error: resource:///modules/Interactions.jsm, line 230: NS_ERROR_FAILURE: Component returned failure code: 0x80004005 (NS_ERROR_FAILURE) [nsIUserIdleService.removeIdleObserver]
1632852186934	geckodriver	INFO	Listening on 127.0.0.1:65509
1632852190003	mozrunner::runner	INFO	Running command: "C:\\Program Files\\Mozilla Firefox\\firefox.exe" "--marionette" "-no-remote" "-profile" "C:\\Users\\loren\\AppData\\Local\\Temp\\rust_mozprofileRoGWrj"
1632852190475	Marionette	INFO	Marionette enabled
console.warn: SearchSettings: "get: No settings file exists, new profile?" (new NotFoundError("Could not open the file at C:\\Users\\loren\\AppData\\Local\\Temp\\rust_mozprofileRoGWrj\\search.json.mozlz4", (void 0)))
1632852192625	Marionette	INFO	Listening on port 65520
1632852192688	RemoteAgent	WARN	TLS certificate errors will be ignored for this session
JavaScript warning: https://gestioneorari.didattica.unimib.it/PortaleStudentiUnimib/js/jquery.min.js, line 2: Using //@ to indicate sourceMappingURL pragmas is deprecated. Use //# instead
1632852196330	Marionette	WARN	Ignoring event 'DOMContentLoaded' because document has an invalid readyState of 'complete'.
JavaScript warning: https://gestioneorari.didattica.unimib.it/PortaleStudentiUnimib/js/jquery.min.js, line 2: Using //@ to indicate sourceMappingURL pragmas is deprecated. Use //# instead
JavaScript warning: https://gestioneorari.didattica.unimib.it/PortaleStudentiUnimib/js/jquery.min.js, line 2: Using //@ to indicate sourceMappingURL pragmas is deprecated. Use //# instead
JavaScript warning: https://gestioneorari.didattica.unimib.it/PortaleStudentiUnimib/js/jquery.min.js, line 2: Using //@ to indicate sourceMappingURL pragmas is deprecated. Use //# instead
console.error: "Error while calling actor 'pagestyle's method 'getLayout'" "style is null"
console.error: (new TypeError("style is null", "resource://devtools/server/actors/page-style.js", 1038))
console.error: (new Error("Protocol error (TypeError): style is null from: server0.conn0.child4/pagestyle24 (resource://devtools/server/actors/page-style.js:1038:7)", "resource://devtools/shared/protocol/Front.js", 362))
1632852360500	Marionette	INFO	Stopped listening on port 65520
JavaScript error: resource:///modules/Interactions.jsm, line 230: NS_ERROR_FAILURE: Component returned failure code: 0x80004005 (NS_ERROR_FAILURE) [nsIUserIdleService.removeIdleObserver]

###!!! [Parent][RunMessage] Error: Channel closing: too late to send/recv, messages will be lost

No settings file exists, new profile?" (new NotFoundError("Could not open the file at C:\\Users\\loren\\AppData\\Local\\Temp\\rust_mozprofilelcu29y\\search.json.mozlz4", (void 0)))
1632852268396	Marionette	INFO	Listening on port 49450
1632852268430	RemoteAgent	WARN	TLS certificate errors will be ignored for this session
JavaScript warning: https://gestioneorari.didattica.unimib.it/PortaleStudentiUnimib/js/jquery.min.js, line 2: Using //@ to indicate sourceMappingURL pragmas is deprecated. Use //# instead
1632852274155	Marionette	WARN	Ignoring event 'DOMContentLoaded' because document has an invalid readyState of 'complete'.
JavaScript warning: https://gestioneorari.didattica.unimib.it/PortaleStudentiUnimib/js/jquery.min.js, line 2: Using //@ to indicate sourceMappingURL pragmas is deprecated. Use //# instead
JavaScript warning: https://gestioneorari.didattica.unimib.it/PortaleStudentiUnimib/js/jquery.min.js, line 2: Using //@ to indicate sourceMappingURL pragmas is deprecated. Use //# instead
JavaScript warning: https://gestioneorari.didattica.unimib.it/PortaleStudentiUnimib/js/jquery.min.js, line 2: Using //@ to indicate sourceMappingURL pragmas is deprecated. Use //# instead
1632852757072	Marionette	INFO	Stopped listening on port 49450
JavaScript error: resource:///modules/Interactions.jsm, line 230: NS_ERROR_FAILURE: Component returned failure code: 0x80004005 (NS_ERROR_FAILURE) [nsIUserIdleService.removeIdleObserver]
zprofilegtPg1e"
1632852372385	Marionette	INFO	Marionette enabled
console.warn: SearchSettings: "get: No settings file exists, new profile?" (new NotFoundError("Could not open the file at C:\\Users\\loren\\AppData\\Local\\Temp\\rust_mozprofilegtPg1e\\search.json.mozlz4", (void 0)))
1632852374834	Marionette	INFO	Listening on port 51450
1632852375056	RemoteAgent	WARN	TLS certificate errors will be ignored for this session
JavaScript warning: https://gestioneorari.didattica.unimib.it/PortaleStudentiUnimib/js/jquery.min.js, line 2: Using //@ to indicate sourceMappingURL pragmas is deprecated. Use //# instead
1632852379225	Marionette	WARN	Ignoring event 'DOMContentLoaded' because document has an invalid readyState of 'complete'.
1632852379836	Marionette	WARN	Ignoring event 'DOMContentLoaded' because document has an invalid readyState of 'complete'.
JavaScript warning: https://gestioneorari.didattica.unimib.it/PortaleStudentiUnimib/js/jquery.min.js, line 2: Using //@ to indicate sourceMappingURL pragmas is deprecated. Use //# instead
1632852380081	Marionette	WARN	Ignoring event 'DOMContentLoaded' because document has an invalid readyState of 'complete'.
JavaScript warning: https://gestioneorari.didattica.unimib.it/PortaleStudentiUnimib/js/jquery.min.js, line 2: Using //@ to indicate sourceMappingURL pragmas is deprecated. Use //# instead
JavaScript warning: https://gestioneorari.didattica.unimib.it/PortaleStudentiUnimib/js/jquery.min.js, line 2: Using //@ to indicate sourceMappingURL pragmas is deprecated. Use //# instead
1632852433430	Marionette	INFO	Stopped listening on port 51450
JavaScript error: resource:///modules/Interactions.jsm, line 230: NS_ERROR_FAILURE: Component returned failure code: 0x80004005 (NS_ERROR_FAILURE) [nsIUserIdleService.removeIdleObserver]

###!!! [Parent][RunMessage] Error: Channel closing: too late to send/recv, messages will be lost

1632852436757	geckodriver	INFO	Listening on 127.0.0.1:51684
1632852439836	mozrunner::runner	INFO	Running command: "C:\\Program Files\\Mozilla Firefox\\firefox.exe" "--marionette" "-no-remote" "-profile" "C:\\Users\\loren\\AppData\\Local\\Temp\\rust_mozprofileMIEddw"
1632852440324	Marionette	INFO	Marionette enabled
console.warn: SearchSettings: "get: No settings file exists, new profile?" (new NotFoundError("Could not open the file at C:\\Users\\loren\\AppData\\Local\\Temp\\rust_mozprofileMIEddw\\search.json.mozlz4", (void 0)))
1632852442547	Marionette	INFO	Listening on port 51693
1632852443012	RemoteAgent	WARN	TLS certificate errors will be ignored for this session
JavaScript warning: https://gestioneorari.didattica.unimib.it/PortaleStudentiUnimib/js/jquery.min.js, line 2: Using //@ to indicate sourceMappingURL pragmas is deprecated. Use //# instead
1632852447295	Marionette	WARN	Ignoring event 'DOMContentLoaded' because document has an invalid readyState of 'complete'.
1632852447895	Marionette	WARN	Ignoring event 'DOMContentLoaded' because document has an invalid readyState of 'complete'.
JavaScript warning: https://gestioneorari.didattica.unimib.it/PortaleStudentiUnimib/js/jquery.min.js, line 2: Using //@ to indicate sourceMappingURL pragmas is deprecated. Use //# instead
1632852448181	Marionette	WARN	Ignoring event 'DOMContentLoaded' because document has an invalid readyState of 'complete'.
JavaScript warning: https://gestioneorari.didattica.unimib.it/PortaleStudentiUnimib/js/jquery.min.js, line 2: Using //@ to indicate sourceMappingURL pragmas is deprecated. Use //# instead
JavaScript warning: https://gestioneorari.didattica.unimib.it/PortaleStudentiUnimib/js/jquery.min.js, line 2: Using //@ to indicate sourceMappingURL pragmas is deprecated. Use //# instead
1632852491242	Marionette	INFO	Stopped listening on port 51693
JavaScript error: resource:///modules/Interactions.jsm, line 230: NS_ERROR_FAILURE: Component returned failure code: 0x80004005 (NS_ERROR_FAILURE) [nsIUserIdleService.removeIdleObserver]

###!!! [Parent][RunMessage] Error: Channel closing: too late to send/recv, messages will be lost

1632852494440	geckodriver	INFO	Listening on 127.0.0.1:51959
1632852497497	mozrunner::runner	INFO	Running command: "C:\\Program Files\\Mozilla Firefox\\firefox.exe" "--marionette" "-no-remote" "-profile" "C:\\Users\\loren\\AppData\\Local\\Temp\\rust_mozprofileoIhzES"
1632852497946	Marionette	INFO	Marionette enabled
console.warn: SearchSettings: "get: No settings file exists, new profile?" (new NotFoundError("Could not open the file at C:\\Users\\loren\\AppData\\Local\\Temp\\rust_mozprofileoIhzES\\search.json.mozlz4", (void 0)))
1632852500832	Marionette	INFO	Listening on port 51978
1632852501173	RemoteAgent	WARN	TLS certificate errors will be ignored for this session
JavaScript warning: https://gestioneorari.didattica.unimib.it/PortaleStudentiUnimib/js/jquery.min.js, line 2: Using //@ to indicate sourceMappingURL pragmas is deprecated. Use //# instead
1632852504764	Marionette	WARN	Ignoring event 'DOMContentLoaded' because document has an invalid readyState of 'complete'.
1632852505423	Marionette	WARN	Ignoring event 'DOMContentLoaded' because document has an invalid readyState of 'complete'.
JavaScript warning: https://gestioneorari.didattica.unimib.it/PortaleStudentiUnimib/js/jquery.min.js, line 2: Using //@ to indicate sourceMappingURL pragmas is deprecated. Use //# instead
1632852505681	Marionette	WARN	Ignoring event 'DOMContentLoaded' because document has an invalid readyState of 'complete'.
JavaScript warning: https://gestioneorari.didattica.unimib.it/PortaleStudentiUnimib/js/jquery.min.js, line 2: Using //@ to indicate sourceMappingURL pragmas is deprecated. Use //# instead
JavaScript warning: https://gestioneorari.didattica.unimib.it/PortaleStudentiUnimib/js/jquery.min.js, line 2: Using //@ to indicate sourceMappingURL pragmas is deprecated. Use //# instead
1632852588589	Marionette	INFO	Stopped listening on port 51978
JavaScript error: resource:///modules/Interactions.jsm, line 230: NS_ERROR_FAILURE: Component returned failure code: 0x80004005 (NS_ERROR_FAILURE) [nsIUserIdleService.removeIdleObserver]

###!!! [Parent][RunMessage] Error: Channel closing: too late to send/recv, messages will be lost

1632852590703	geckodriver	INFO	Listening on 127.0.0.1:52230
1632852593759	mozrunner::runner	INFO	Running command: "C:\\Program Files\\Mozilla Firefox\\firefox.exe" "--marionette" "-no-remote" "-profile" "C:\\Users\\loren\\AppData\\Local\\Temp\\rust_mozprofilewLoUug"
1632852594202	Marionette	INFO	Marionette enabled
console.warn: SearchSettings: "get: No settings file exists, new profile?" (new NotFoundError("Could not open the file at C:\\Users\\loren\\AppData\\Local\\Temp\\rust_mozprofilewLoUug\\search.json.mozlz4", (void 0)))
1632852596651	Marionette	INFO	Listening on port 52238
1632852596934	RemoteAgent	WARN	TLS certificate errors will be ignored for this session
JavaScript warning: https://gestioneorari.didattica.unimib.it/PortaleStudentiUnimib/js/jquery.min.js, line 2: Using //@ to indicate sourceMappingURL pragmas is deprecated. Use //# instead
1632852600397	Marionette	WARN	Ignoring event 'DOMContentLoaded' because document has an invalid readyState of 'complete'.
1632852601044	Marionette	WARN	Ignoring event 'DOMContentLoaded' because document has an invalid readyState of 'complete'.
JavaScript warning: https://gestioneorari.didattica.unimib.it/PortaleStudentiUnimib/js/jquery.min.js, line 2: Using //@ to indicate sourceMappingURL pragmas is deprecated. Use //# instead
1632852601278	Marionette	WARN	Ignoring event 'DOMContentLoaded' because document has an invalid readyState of 'complete'.
JavaScript warning: https://gestioneorari.didattica.unimib.it/PortaleStudentiUnimib/js/jquery.min.js, line 2: Using //@ to indicate sourceMappingURL pragmas is deprecated. Use //# instead
JavaScript warning: https://gestioneorari.didattica.unimib.it/PortaleStudentiUnimib/js/jquery.min.js, line 2: Using //@ to indicate sourceMappingURL pragmas is deprecated. Use //# instead
1632852753233	Marionette	INFO	Stopped listening on port 52238
JavaScript error: resource:///modules/Interactions.jsm, line 230: NS_ERROR_FAILURE: Component returned failure code: 0x80004005 (NS_ERROR_FAILURE) [nsIUserIdleService.removeIdleObserver]

###!!! [Parent][RunMessage] Error: Channel closing: too late to send/recv, messages will be lost

1632852764452	geckodriver	INFO	Listening on 127.0.0.1:52706
1632852767502	mozrunner::runner	INFO	Running command: "C:\\Program Files\\Mozilla Firefox\\firefox.exe" "--marionette" "-no-remote" "-profile" "C:\\Users\\loren\\AppData\\Local\\Temp\\rust_mozprofileT88esb"
1632852767971	Marionette	INFO	Marionette enabled
console.warn: SearchSettings: "get: No settings file exists, new profile?" (new NotFoundError("Could not open the file at C:\\Users\\loren\\AppData\\Local\\Temp\\rust_mozprofileT88esb\\search.json.mozlz4", (void 0)))
1632852770202	Marionette	INFO	Listening on port 52716
1632852770698	RemoteAgent	WARN	TLS certificate errors will be ignored for this session
JavaScript warning: https://gestioneorari.didattica.unimib.it/PortaleStudentiUnimib/js/jquery.min.js, line 2: Using //@ to indicate sourceMappingURL pragmas is deprecated. Use //# instead
1632852774286	Marionette	WARN	Ignoring event 'DOMContentLoaded' because document has an invalid readyState of 'complete'.
1632852774951	Marionette	WARN	Ignoring event 'DOMContentLoaded' because document has an invalid readyState of 'complete'.
JavaScript warning: https://gestioneorari.didattica.unimib.it/PortaleStudentiUnimib/js/jquery.min.js, line 2: Using //@ to indicate sourceMappingURL pragmas is deprecated. Use //# instead
1632852775218	Marionette	WARN	Ignoring event 'DOMContentLoaded' because document has an invalid readyState of 'complete'.
JavaScript warning: https://gestioneorari.didattica.unimib.it/PortaleStudentiUnimib/js/jquery.min.js, line 2: Using //@ to indicate sourceMappingURL pragmas is deprecated. Use //# instead
JavaScript warning: https://gestioneorari.didattica.unimib.it/PortaleStudentiUnimib/js/jquery.min.js, line 2: Using //@ to indicate sourceMappingURL pragmas is deprecated. Use //# instead
IPDL protocol error: Handler returned error code!

###!!! [Parent][DispatchAsyncMessage] Error: PClientManager::Msg_ExpectFutureClientSource Processing error: message was deserialized, but the handler returned false (indicating failure)

IPDL protocol error: Handler returned error code!

###!!! [Parent][DispatchAsyncMessage] Error: PClientManager::Msg_ForgetFutureClientSource Processing error: message was deserialized, but the handler returned false (indicating failure)

console.error: "Error sending event: display-change"
console.error: ({})
[Exception... "Component returned failure code: 0x80070057 (NS_ERROR_ILLEGAL_VALUE) [nsIEventListenerService.getListenerInfoFor]"  nsresult: "0x80070057 (NS_ERROR_ILLEGAL_VALUE)"  location: "JS frame :: resource://devtools/server/actors/inspector/event-collector.js :: getDOMListeners :: line 266"  data: no]: getDOMListeners@resource://devtools/server/actors/inspector/event-collector.js:266:22
getListeners@resource://devtools/server/actors/inspector/event-collector.js:334:28
hasListeners@resource://devtools/server/actors/inspector/event-collector.js:227:17
hasEventListeners@resource://devtools/server/actors/inspector/event-collector.js:802:21
get _hasEventListeners@resource://devtools/server/actors/inspector/node.js:383:33
form@resource://devtools/server/actors/inspector/node.js:207:7
write@resource://devtools/shared/protocol/types.js:363:32
types.addArrayType/write/<@resource://devtools/shared/protocol/types.js:215:33
write@resource://devtools/shared/protocol/types.js:215:16
write@resource://devtools/shared/protocol/Request.js:109:22
write@resource://devtools/shared/protocol/Request.js:39:26
_sendEvent@resource://devtools/shared/protocol/Actor.js:66:24
initialize/<@resource://devtools/shared/protocol/Actor.js:46:16
_emit@resource://devtools/shared/event-emitter.js:244:34
emit@resource://devtools/shared/event-emitter.js:190:18
emit@resource://devtools/shared/event-emitter.js:342:18
_onReflows@resource://devtools/server/actors/inspector/walker.js:593:12
_emit@resource://devtools/shared/event-emitter.js:244:34
emit@resource://devtools/shared/event-emitter.js:190:18
emit@resource://devtools/shared/event-emitter.js:342:18
_startEventLoop@resource://devtools/server/actors/reflow.js:314:12
notify@resource://gre/modules/Timer.jsm:62:17

console.error: "Error writing response to: getApplied"
console.error: "Error while calling actor 'pagestyle's method 'getApplied'" "can't access dead object"
console.error: (new TypeError("can't access dead object", "resource://devtools/server/actors/style-rule.js", 362))
console.error: "Error writing response to: getApplied"
console.error: "Error while calling actor 'pagestyle's method 'getApplied'" "can't access dead object"
console.error: (new TypeError("can't access dead object", "resource://devtools/server/actors/style-rule.js", 362))
console.error: "Error while calling actor 'pagestyle's method 'getLayout'" "style is null"
console.error: (new TypeError("style is null", "resource://devtools/server/actors/page-style.js", 1038))
console.error: (new Error("Protocol error (TypeError): can't access dead object from: server0.conn0.child4/pagestyle24 (resource://devtools/server/actors/style-rule.js:362:21)", "resource://devtools/shared/protocol/Front.js", 362))
console.error: (new Error("Protocol error (TypeError): can't access dead object from: server0.conn0.child4/pagestyle24 (resource://devtools/server/actors/style-rule.js:362:21)", "resource://devtools/shared/protocol/Front.js", 362))
console.error: (new Error("Protocol error (TypeError): can't access dead object from: server0.conn0.child4/pagestyle24 (resource://devtools/server/actors/style-rule.js:362:21)", "resource://devtools/shared/protocol/Front.js", 362))
console.error: (new Error("Protocol error (TypeError): can't access dead object from: server0.conn0.child4/pagestyle24 (resource://devtools/server/actors/style-rule.js:362:21)", "resource://devtools/shared/protocol/Front.js", 362))
console.error: (new Error("Protocol error (TypeError): style is null from: server0.conn0.child4/pagestyle24 (resource://devtools/server/actors/page-style.js:1038:7)", "resource://devtools/shared/protocol/Front.js", 362))
1632853056242	Marionette	INFO	Stopped listening on port 52716
JavaScript error: resource:///modules/Interactions.jsm, line 230: NS_ERROR_FAILURE: Component returned failure code: 0x80004005 (NS_ERROR_FAILURE) [nsIUserIdleService.removeIdleObserver]

###!!! [Parent][RunMessage] Error: Channel closing: too late to send/recv, messages will be lost

1632853064616	geckodriver	INFO	Listening on 127.0.0.1:54293
1632853067682	mozrunner::runner	INFO	Running command: "C:\\Program Files\\Mozilla Firefox\\firefox.exe" "--marionette" "-no-remote" "-profile" "C:\\Users\\loren\\AppData\\Local\\Temp\\rust_mozprofile99tZpF"
1632853068128	Marionette	INFO	Marionette enabled
console.warn: SearchSettings: "get: No settings file exists, new profile?" (new NotFoundError("Could not open the file at C:\\Users\\loren\\AppData\\Local\\Temp\\rust_mozprofile99tZpF\\search.json.mozlz4", (void 0)))
1632853070773	Marionette	INFO	Listening on port 54304
1632853070886	RemoteAgent	WARN	TLS certificate errors will be ignored for this session
JavaScript warning: https://gestioneorari.didattica.unimib.it/PortaleStudentiUnimib/js/jquery.min.js, line 2: Using //@ to indicate sourceMappingURL pragmas is deprecated. Use //# instead
1632853074904	Marionette	WARN	Ignoring event 'DOMContentLoaded' because document has an invalid readyState of 'complete'.
1632853075541	Marionette	WARN	Ignoring event 'DOMContentLoaded' because document has an invalid readyState of 'complete'.
JavaScript warning: https://gestioneorari.didattica.unimib.it/PortaleStudentiUnimib/js/jquery.min.js, line 2: Using //@ to indicate sourceMappingURL pragmas is deprecated. Use //# instead
1632853075830	Marionette	WARN	Ignoring event 'DOMContentLoaded' because document has an invalid readyState of 'complete'.
JavaScript warning: https://gestioneorari.didattica.unimib.it/PortaleStudentiUnimib/js/jquery.min.js, line 2: Using //@ to indicate sourceMappingURL pragmas is deprecated. Use //# instead
JavaScript warning: https://gestioneorari.didattica.unimib.it/PortaleStudentiUnimib/js/jquery.min.js, line 2: Using //@ to indicate sourceMappingURL pragmas is deprecated. Use //# instead
1632853143558	Marionette	INFO	Stopped listening on port 54304
JavaScript error: resource:///modules/Interactions.jsm, line 230: NS_ERROR_FAILURE: Component returned failure code: 0x80004005 (NS_ERROR_FAILURE) [nsIUserIdleService.removeIdleObserver]

###!!! [Parent][RunMessage] Error: Channel closing: too late to send/recv, messages will be lost

1632853155270	geckodriver	INFO	Listening on 127.0.0.1:54558
1632853158325	mozrunner::runner	INFO	Running command: "C:\\Program Files\\Mozilla Firefox\\firefox.exe" "--marionette" "-no-remote" "-profile" "C:\\Users\\loren\\AppData\\Local\\Temp\\rust_mozprofileLvKrUs"
1632853158791	Marionette	INFO	Marionette enabled
console.warn: SearchSettings: "get: No settings file exists, new profile?" (new NotFoundError("Could not open the file at C:\\Users\\loren\\AppData\\Local\\Temp\\rust_mozprofileLvKrUs\\search.json.mozlz4", (void 0)))
1632853160785	Marionette	INFO	Listening on port 54568
1632853160980	RemoteAgent	WARN	TLS certificate errors will be ignored for this session
JavaScript warning: https://gestioneorari.didattica.unimib.it/PortaleStudentiUnimib/js/jquery.min.js, line 2: Using //@ to indicate sourceMappingURL pragmas is deprecated. Use //# instead
1632853164745	Marionette	WARN	Ignoring event 'DOMContentLoaded' because document has an invalid readyState of 'complete'.
1632853165348	Marionette	WARN	Ignoring event 'DOMContentLoaded' because document has an invalid readyState of 'complete'.
JavaScript warning: https://gestioneorari.didattica.unimib.it/PortaleStudentiUnimib/js/jquery.min.js, line 2: Using //@ to indicate sourceMappingURL pragmas is deprecated. Use //# instead
1632853165617	Marionette	WARN	Ignoring event 'DOMContentLoaded' because document has an invalid readyState of 'complete'.
JavaScript warning: https://gestioneorari.didattica.unimib.it/PortaleStudentiUnimib/js/jquery.min.js, line 2: Using //@ to indicate sourceMappingURL pragmas is deprecated. Use //# instead
JavaScript warning: https://gestioneorari.didattica.unimib.it/PortaleStudentiUnimib/js/jquery.min.js, line 2: Using //@ to indicate sourceMappingURL pragmas is deprecated. Use //# instead
console.log: WebExtensions: reset-default-search: starting.
console.log: WebExtensions: reset-default-search: No addons in our list are installed.
console.error: "Error sending event: display-change"
console.error: ({})
[Exception... "Component returned failure code: 0x80070057 (NS_ERROR_ILLEGAL_VALUE) [nsIEventListenerService.getListenerInfoFor]"  nsresult: "0x80070057 (NS_ERROR_ILLEGAL_VALUE)"  location: "JS frame :: resource://devtools/server/actors/inspector/event-collector.js :: getDOMListeners :: line 266"  data: no]: getDOMListeners@resource://devtools/server/actors/inspector/event-collector.js:266:22
getListeners@resource://devtools/server/actors/inspector/event-collector.js:334:28
hasListeners@resource://devtools/server/actors/inspector/event-collector.js:227:17
hasEventListeners@resource://devtools/server/actors/inspector/event-collector.js:802:21
get _hasEventListeners@resource://devtools/server/actors/inspector/node.js:383:33
form@resource://devtools/server/actors/inspector/node.js:207:7
write@resource://devtools/shared/protocol/types.js:363:32
types.addArrayType/write/<@resource://devtools/shared/protocol/types.js:215:33
write@resource://devtools/shared/protocol/types.js:215:16
write@resource://devtools/shared/protocol/Request.js:109:22
write@resource://devtools/shared/protocol/Request.js:39:26
_sendEvent@resource://devtools/shared/protocol/Actor.js:66:24
initialize/<@resource://devtools/shared/protocol/Actor.js:46:16
_emit@resource://devtools/shared/event-emitter.js:244:34
emit@resource://devtools/shared/event-emitter.js:190:18
emit@resource://devtools/shared/event-emitter.js:342:18
_onReflows@resource://devtools/server/actors/inspector/walker.js:593:12
_emit@resource://devtools/shared/event-emitter.js:244:34
emit@resource://devtools/shared/event-emitter.js:190:18
emit@resource://devtools/shared/event-emitter.js:342:18
_startEventLoop@resource://devtools/server/actors/reflow.js:314:12
notify@resource://gre/modules/Timer.jsm:62:17

console.error: "Error while calling actor 'pagestyle's method 'isPositionEditable'" "getComputedStyle(...) is null"
console.error: (new TypeError("getComputedStyle(...) is null", "resource://devtools/server/actors/highlighters/geometry-editor.js", 173))
console.error: (new Error("Protocol error (TypeError): getComputedStyle(...) is null from: server0.conn0.child4/pagestyle24 (resource://devtools/server/actors/highlighters/geometry-editor.js:173:40)", "resource://devtools/shared/protocol/Front.js", 362))
1632854714519	Marionette	INFO	Stopped listening on port 54568
JavaScript error: resource:///modules/Interactions.jsm, line 230: NS_ERROR_FAILURE: Component returned failure code: 0x80004005 (NS_ERROR_FAILURE) [nsIUserIdleService.removeIdleObserver]

###!!! [Parent][RunMessage] Error: Channel closing: too late to send/recv, messages will be lost

1632854718547	geckodriver	INFO	Listening on 127.0.0.1:49238
1632854721639	mozrunner::runner	INFO	Running command: "C:\\Program Files\\Mozilla Firefox\\firefox.exe" "--marionette" "-no-remote" "-profile" "C:\\Users\\loren\\AppData\\Local\\Temp\\rust_mozprofileNgnQYp"
1632854722095	Marionette	INFO	Marionette enabled
console.warn: SearchSettings: "get: No settings file exists, new profile?" (new NotFoundError("Could not open the file at C:\\Users\\loren\\AppData\\Local\\Temp\\rust_mozprofileNgnQYp\\search.json.mozlz4", (void 0)))
1632854724494	Marionette	INFO	Listening on port 49248
1632854724823	RemoteAgent	WARN	TLS certificate errors will be ignored for this session
JavaScript warning: https://gestioneorari.didattica.unimib.it/PortaleStudentiUnimib/js/jquery.min.js, line 2: Using //@ to indicate sourceMappingURL pragmas is deprecated. Use //# instead
1632854729597	Marionette	WARN	Ignoring event 'DOMContentLoaded' because document has an invalid readyState of 'complete'.
1632854730215	Marionette	WARN	Ignoring event 'DOMContentLoaded' because document has an invalid readyState of 'complete'.
JavaScript warning: https://gestioneorari.didattica.unimib.it/PortaleStudentiUnimib/js/jquery.min.js, line 2: Using //@ to indicate sourceMappingURL pragmas is deprecated. Use //# instead
1632854730454	Marionette	WARN	Ignoring event 'DOMContentLoaded' because document has an invalid readyState of 'complete'.
JavaScript warning: https://gestioneorari.didattica.unimib.it/PortaleStudentiUnimib/js/jquery.min.js, line 2: Using //@ to indicate sourceMappingURL pragmas is deprecated. Use //# instead
JavaScript warning: https://gestioneorari.didattica.unimib.it/PortaleStudentiUnimib/js/jquery.min.js, line 2: Using //@ to indicate sourceMappingURL pragmas is deprecated. Use //# instead
JavaScript error: resource://gre/modules/XULStore.jsm, line 66: Error: Can't find profile directory.
JavaScript error: resource://gre/modules/XULStore.jsm, line 66: Error: Can't find profile directory.
console.error: (new TypeError("parent is null", "resource://devtools/client/inspector/shared/style-change-tracker.js", 67))
TypeError: parent is null: canMutationImpactCurrentStyles@resource://devtools/client/inspector/shared/style-change-tracker.js:67:24
onMutations@resource://devtools/client/inspector/shared/style-change-tracker.js:84:41
_emit@resource://devtools/shared/event-emitter.js:244:34
emit@resource://devtools/shared/event-emitter.js:190:18
emit@resource://devtools/shared/event-emitter.js:342:18
getMutations@resource://devtools/client/fronts/walker.js:311:10

console.error: (new TypeError("parent is null", "resource://devtools/client/inspector/shared/style-change-tracker.js", 67))
TypeError: parent is null: canMutationImpactCurrentStyles@resource://devtools/client/inspector/shared/style-change-tracker.js:67:24
onMutations@resource://devtools/client/inspector/shared/style-change-tracker.js:84:41
_emit@resource://devtools/shared/event-emitter.js:244:34
emit@resource://devtools/shared/event-emitter.js:190:18
emit@resource://devtools/shared/event-emitter.js:342:18
getMutations@resource://devtools/client/fronts/walker.js:311:10

console.error: (new TypeError("nodeFront.walkerFront is null", "resource://devtools/client/inspector/markup/markup.js", 951))
TypeError: nodeFront.walkerFront is null: _onNewSelection@resource://devtools/client/inspector/markup/markup.js:951:7
_emit@resource://devtools/shared/event-emitter.js:244:34
emit@resource://devtools/shared/event-emitter.js:190:18
emit@resource://devtools/shared/event-emitter.js:342:18
setNodeFront@resource://devtools/client/framework/selection.js:161:10
onDetached@resource://devtools/client/inspector/inspector.js:1646:20
_emit@resource://devtools/shared/event-emitter.js:244:34
emit@resource://devtools/shared/event-emitter.js:190:18
emit@resource://devtools/shared/event-emitter.js:342:18
_onMutations@resource://devtools/client/framework/selection.js:104:12
_emit@resource://devtools/shared/event-emitter.js:244:34
emit@resource://devtools/shared/event-emitter.js:190:18
emit@resource://devtools/shared/event-emitter.js:342:18
getMutations@resource://devtools/client/fronts/walker.js:311:10

console.error: (new Error("Can not send request 'getAllSelectors' because front 'domnode' is already destroyed.", "resource://devtools/shared/protocol/Front/FrontClassWithSpec.js", 28))
Error: Can not send request 'getAllSelectors' because front 'domnode' is already destroyed.: generateRequestMethods/</frontProto[name]@resource://devtools/shared/protocol/Front/FrontClassWithSpec.js:28:15
updateSelectionCssSelectors@resource://devtools/client/inspector/inspector.js:1447:32
onNewSelection@resource://devtools/client/inspector/inspector.js:1518:10
_emit@resource://devtools/shared/event-emitter.js:244:34
emit@resource://devtools/shared/event-emitter.js:190:18
emit@resource://devtools/shared/event-emitter.js:342:18
setNodeFront@resource://devtools/client/framework/selection.js:161:10
onDetached@resource://devtools/client/inspector/inspector.js:1646:20
_emit@resource://devtools/shared/event-emitter.js:244:34
emit@resource://devtools/shared/event-emitter.js:190:18
emit@resource://devtools/shared/event-emitter.js:342:18
_onMutations@resource://devtools/client/framework/selection.js:104:12
_emit@resource://devtools/shared/event-emitter.js:244:34
emit@resource://devtools/shared/event-emitter.js:190:18
emit@resource://devtools/shared/event-emitter.js:342:18
getMutations@resource://devtools/client/fronts/walker.js:311:10

console.error: (new TypeError("container.node.targetFront is null", "resource://devtools/client/inspector/markup/markup.js", 2309))
console.error: (new TypeError("container.node.targetFront is null", "resource://devtools/client/inspector/markup/markup.js", 2309))
console.error: (new TypeError("container.node.targetFront is null", "resource://devtools/client/inspector/markup/markup.js", 2309))
console.error: "Error sending event: display-change"
console.error: ({})
[Exception... "Component returned failure code: 0x80070057 (NS_ERROR_ILLEGAL_VALUE) [nsIEventListenerService.getListenerInfoFor]"  nsresult: "0x80070057 (NS_ERROR_ILLEGAL_VALUE)"  location: "JS frame :: resource://devtools/server/actors/inspector/event-collector.js :: getDOMListeners :: line 266"  data: no]: getDOMListeners@resource://devtools/server/actors/inspector/event-collector.js:266:22
getListeners@resource://devtools/server/actors/inspector/event-collector.js:334:28
hasListeners@resource://devtools/server/actors/inspector/event-collector.js:227:17
hasEventListeners@resource://devtools/server/actors/inspector/event-collector.js:802:21
get _hasEventListeners@resource://devtools/server/actors/inspector/node.js:383:33
form@resource://devtools/server/actors/inspector/node.js:207:7
write@resource://devtools/shared/protocol/types.js:363:32
types.addArrayType/write/<@resource://devtools/shared/protocol/types.js:215:33
write@resource://devtools/shared/protocol/types.js:215:16
write@resource://devtools/shared/protocol/Request.js:109:22
write@resource://devtools/shared/protocol/Request.js:39:26
_sendEvent@resource://devtools/shared/protocol/Actor.js:66:24
initialize/<@resource://devtools/shared/protocol/Actor.js:46:16
_emit@resource://devtools/shared/event-emitter.js:244:34
emit@resource://devtools/shared/event-emitter.js:190:18
emit@resource://devtools/shared/event-emitter.js:342:18
_onReflows@resource://devtools/server/actors/inspector/walker.js:593:12
_emit@resource://devtools/shared/event-emitter.js:244:34
emit@resource://devtools/shared/event-emitter.js:190:18
emit@resource://devtools/shared/event-emitter.js:342:18
_startEventLoop@resource://devtools/server/actors/reflow.js:314:12
notify@resource://gre/modules/Timer.jsm:62:17

console.error: "Error while calling actor 'pagestyle's method 'isPositionEditable'" "can't access dead object"
console.error: (new TypeError("can't access dead object", "resource://devtools/server/actors/page-style.js", 603))
console.error: "Error while calling actor 'pagestyle's method 'getApplied'" "can't access dead object"
console.error: (new TypeError("can't access dead object", "resource://devtools/shared/inspector/css-logic.js", 493))
console.error: (new Error("Protocol error (TypeError): can't access dead object from: server0.conn1.child4/pagestyle24 (resource://devtools/server/actors/page-style.js:603:9)", "resource://devtools/shared/protocol/Front.js", 362))
console.error: (new Error("Protocol error (TypeError): can't access dead object from: server0.conn1.child4/pagestyle24 (resource://devtools/shared/inspector/css-logic.js:493:7)", "resource://devtools/shared/protocol/Front.js", 362))
console.error: "Error while calling actor 'pagestyle's method 'getUsedFontFaces'" "can't access dead object"
console.error: (new TypeError("can't access dead object", "resource://devtools/server/actors/page-style.js", 368))
console.error: "Could not get the list of font families" (new Error("Protocol error (TypeError): can't access dead object from: server0.conn1.child4/pagestyle24 (resource://devtools/server/actors/page-style.js:368:29)", "resource://devtools/shared/protocol/Front.js", 362))
1632855155943	Marionette	INFO	Stopped listening on port 49248
JavaScript error: resource:///modules/Interactions.jsm, line 230: NS_ERROR_FAILURE: Component returned failure code: 0x80004005 (NS_ERROR_FAILURE) [nsIUserIdleService.removeIdleObserver]

###!!! [Parent][RunMessage] Error: Channel closing: too late to send/recv, messages will be lost

1632855159607	geckodriver	INFO	Listening on 127.0.0.1:55574
1632855162661	mozrunner::runner	INFO	Running command: "C:\\Program Files\\Mozilla Firefox\\firefox.exe" "--marionette" "-no-remote" "-profile" "C:\\Users\\loren\\AppData\\Local\\Temp\\rust_mozprofileADEguA"
1632855163137	Marionette	INFO	Marionette enabled
console.warn: SearchSettings: "get: No settings file exists, new profile?" (new NotFoundError("Could not open the file at C:\\Users\\loren\\AppData\\Local\\Temp\\rust_mozprofileADEguA\\search.json.mozlz4", (void 0)))
1632855165180	Marionette	INFO	Listening on port 55582
1632855165325	RemoteAgent	WARN	TLS certificate errors will be ignored for this session
JavaScript warning: https://gestioneorari.didattica.unimib.it/PortaleStudentiUnimib/js/jquery.min.js, line 2: Using //@ to indicate sourceMappingURL pragmas is deprecated. Use //# instead
1632855168925	Marionette	WARN	Ignoring event 'DOMContentLoaded' because document has an invalid readyState of 'complete'.
1632855169547	Marionette	WARN	Ignoring event 'DOMContentLoaded' because document has an invalid readyState of 'complete'.
JavaScript warning: https://gestioneorari.didattica.unimib.it/PortaleStudentiUnimib/js/jquery.min.js, line 2: Using //@ to indicate sourceMappingURL pragmas is deprecated. Use //# instead
1632855169823	Marionette	WARN	Ignoring event 'DOMContentLoaded' because document has an invalid readyState of 'complete'.
JavaScript warning: https://gestioneorari.didattica.unimib.it/PortaleStudentiUnimib/js/jquery.min.js, line 2: Using //@ to indicate sourceMappingURL pragmas is deprecated. Use //# instead
JavaScript warning: https://gestioneorari.didattica.unimib.it/PortaleStudentiUnimib/js/jquery.min.js, line 2: Using //@ to indicate sourceMappingURL pragmas is deprecated. Use //# instead
1632855234324	Marionette	INFO	Stopped listening on port 55582
JavaScript error: resource:///modules/Interactions.jsm, line 230: NS_ERROR_FAILURE: Component returned failure code: 0x80004005 (NS_ERROR_FAILURE) [nsIUserIdleService.removeIdleObserver]

###!!! [Parent][RunMessage] Error: Channel closing: too late to send/recv, messages will be lost

1632855236459	geckodriver	INFO	Listening on 127.0.0.1:55921
1632855239519	mozrunner::runner	INFO	Running command: "C:\\Program Files\\Mozilla Firefox\\firefox.exe" "--marionette" "-no-remote" "-profile" "C:\\Users\\loren\\AppData\\Local\\Temp\\rust_mozprofilehj6It4"
1632855239991	Marionette	INFO	Marionette enabled
console.warn: SearchSettings: "get: No settings file exists, new profile?" (new NotFoundError("Could not open the file at C:\\Users\\loren\\AppData\\Local\\Temp\\rust_mozprofilehj6It4\\search.json.mozlz4", (void 0)))
1632855242235	Marionette	INFO	Listening on port 55933
1632855242683	RemoteAgent	WARN	TLS certificate errors will be ignored for this session
JavaScript warning: https://gestioneorari.didattica.unimib.it/PortaleStudentiUnimib/js/jquery.min.js, line 2: Using //@ to indicate sourceMappingURL pragmas is deprecated. Use //# instead
1632855246502	Marionette	WARN	Ignoring event 'DOMContentLoaded' because document has an invalid readyState of 'complete'.
1632855247286	Marionette	WARN	Ignoring event 'DOMContentLoaded' because document has an invalid readyState of 'complete'.
JavaScript warning: https://gestioneorari.didattica.unimib.it/PortaleStudentiUnimib/js/jquery.min.js, line 2: Using //@ to indicate sourceMappingURL pragmas is deprecated. Use //# instead
1632855247505	Marionette	WARN	Ignoring event 'DOMContentLoaded' because document has an invalid readyState of 'complete'.
JavaScript warning: https://gestioneorari.didattica.unimib.it/PortaleStudentiUnimib/js/jquery.min.js, line 2: Using //@ to indicate sourceMappingURL pragmas is deprecated. Use //# instead
JavaScript warning: https://gestioneorari.didattica.unimib.it/PortaleStudentiUnimib/js/jquery.min.js, line 2: Using //@ to indicate sourceMappingURL pragmas is deprecated. Use //# instead
1632855267737	Marionette	INFO	Stopped listening on port 55933
JavaScript error: resource:///modules/Interactions.jsm, line 230: NS_ERROR_FAILURE: Component returned failure code: 0x80004005 (NS_ERROR_FAILURE) [nsIUserIdleService.removeIdleObserver]

###!!! [Parent][RunMessage] Error: Channel closing: too late to send/recv, messages will be lost

1632855271477	geckodriver	INFO	Listening on 127.0.0.1:56145
1632855274551	mozrunner::runner	INFO	Running command: "C:\\Program Files\\Mozilla Firefox\\firefox.exe" "--marionette" "-no-remote" "-profile" "C:\\Users\\loren\\AppData\\Local\\Temp\\rust_mozprofileYW4CtM"
1632855274977	Marionette	INFO	Marionette enabled
console.warn: SearchSettings: "get: No settings file exists, new profile?" (new NotFoundError("Could not open the file at C:\\Users\\loren\\AppData\\Local\\Temp\\rust_mozprofileYW4CtM\\search.json.mozlz4", (void 0)))
1632855277202	Marionette	INFO	Listening on port 56155
1632855277237	RemoteAgent	WARN	TLS certificate errors will be ignored for this session
JavaScript warning: https://gestioneorari.didattica.unimib.it/PortaleStudentiUnimib/js/jquery.min.js, line 2: Using //@ to indicate sourceMappingURL pragmas is deprecated. Use //# instead
1632855280831	Marionette	WARN	Ignoring event 'DOMContentLoaded' because document has an invalid readyState of 'complete'.
1632855281406	Marionette	WARN	Ignoring event 'DOMContentLoaded' because document has an invalid readyState of 'complete'.
JavaScript warning: https://gestioneorari.didattica.unimib.it/PortaleStudentiUnimib/js/jquery.min.js, line 2: Using //@ to indicate sourceMappingURL pragmas is deprecated. Use //# instead
1632855281672	Marionette	WARN	Ignoring event 'DOMContentLoaded' because document has an invalid readyState of 'complete'.
JavaScript warning: https://gestioneorari.didattica.unimib.it/PortaleStudentiUnimib/js/jquery.min.js, line 2: Using //@ to indicate sourceMappingURL pragmas is deprecated. Use //# instead
JavaScript warning: https://gestioneorari.didattica.unimib.it/PortaleStudentiUnimib/js/jquery.min.js, line 2: Using //@ to indicate sourceMappingURL pragmas is deprecated. Use //# instead
1632855361280	Marionette	INFO	Stopped listening on port 56155
JavaScript error: resource:///modules/Interactions.jsm, line 230: NS_ERROR_FAILURE: Component returned failure code: 0x80004005 (NS_ERROR_FAILURE) [nsIUserIdleService.removeIdleObserver]

###!!! [Parent][RunMessage] Error: Channel closing: too late to send/recv, messages will be lost

1632855364833	geckodriver	INFO	Listening on 127.0.0.1:64215
1632855367860	mozrunner::runner	INFO	Running command: "C:\\Program Files\\Mozilla Firefox\\firefox.exe" "--marionette" "-no-remote" "-profile" "C:\\Users\\loren\\AppData\\Local\\Temp\\rust_mozprofileSJhgHA"
1632855368380	Marionette	INFO	Marionette enabled
console.warn: SearchSettings: "get: No settings file exists, new profile?" (new NotFoundError("Could not open the file at C:\\Users\\loren\\AppData\\Local\\Temp\\rust_mozprofileSJhgHA\\search.json.mozlz4", (void 0)))
1632855371105	Marionette	INFO	Listening on port 64223
1632855371559	RemoteAgent	WARN	TLS certificate errors will be ignored for this session
JavaScript warning: https://gestioneorari.didattica.unimib.it/PortaleStudentiUnimib/js/jquery.min.js, line 2: Using //@ to indicate sourceMappingURL pragmas is deprecated. Use //# instead
1632855375197	Marionette	WARN	Ignoring event 'DOMContentLoaded' because document has an invalid readyState of 'complete'.
1632855375802	Marionette	WARN	Ignoring event 'DOMContentLoaded' because document has an invalid readyState of 'complete'.
JavaScript warning: https://gestioneorari.didattica.unimib.it/PortaleStudentiUnimib/js/jquery.min.js, line 2: Using //@ to indicate sourceMappingURL pragmas is deprecated. Use //# instead
1632855376025	Marionette	WARN	Ignoring event 'DOMContentLoaded' because document has an invalid readyState of 'complete'.
JavaScript warning: https://gestioneorari.didattica.unimib.it/PortaleStudentiUnimib/js/jquery.min.js, line 2: Using //@ to indicate sourceMappingURL pragmas is deprecated. Use //# instead
JavaScript warning: https://gestioneorari.didattica.unimib.it/PortaleStudentiUnimib/js/jquery.min.js, line 2: Using //@ to indicate sourceMappingURL pragmas is deprecated. Use //# instead
1632855542183	Marionette	INFO	Stopped listening on port 64223
JavaScript error: resource:///modules/Interactions.jsm, line 230: NS_ERROR_FAILURE: Component returned failure code: 0x80004005 (NS_ERROR_FAILURE) [nsIUserIdleService.removeIdleObserver]

###!!! [Parent][RunMessage] Error: Channel closing: too late to send/recv, messages will be lost

1632855548199	geckodriver	INFO	Listening on 127.0.0.1:55280
1632855551274	mozrunner::runner	INFO	Running command: "C:\\Program Files\\Mozilla Firefox\\firefox.exe" "--marionette" "-no-remote" "-profile" "C:\\Users\\loren\\AppData\\Local\\Temp\\rust_mozprofilefz4ENP"
1632855552208	Marionette	INFO	Marionette enabled
console.warn: SearchSettings: "get: No settings file exists, new profile?" (new NotFoundError("Could not open the file at C:\\Users\\loren\\AppData\\Local\\Temp\\rust_mozprofilefz4ENP\\search.json.mozlz4", (void 0)))
1632855555646	Marionette	INFO	Listening on port 55291
1632855556115	RemoteAgent	WARN	TLS certificate errors will be ignored for this session
JavaScript warning: https://gestioneorari.didattica.unimib.it/PortaleStudentiUnimib/js/jquery.min.js, line 2: Using //@ to indicate sourceMappingURL pragmas is deprecated. Use //# instead
1632855560472	Marionette	WARN	Ignoring event 'DOMContentLoaded' because document has an invalid readyState of 'complete'.
1632855561270	Marionette	WARN	Ignoring event 'DOMContentLoaded' because document has an invalid readyState of 'complete'.
JavaScript warning: https://gestioneorari.didattica.unimib.it/PortaleStudentiUnimib/js/jquery.min.js, line 2: Using //@ to indicate sourceMappingURL pragmas is deprecated. Use //# instead
1632855561800	Marionette	WARN	Ignoring event 'DOMContentLoaded' because document has an invalid readyState of 'complete'.
JavaScript warning: https://gestioneorari.didattica.unimib.it/PortaleStudentiUnimib/js/jquery.min.js, line 2: Using //@ to indicate sourceMappingURL pragmas is deprecated. Use //# instead
JavaScript warning: https://gestioneorari.didattica.unimib.it/PortaleStudentiUnimib/js/jquery.min.js, line 2: Using //@ to indicate sourceMappingURL pragmas is deprecated. Use //# instead
console.log: WebExtensions: reset-default-search: starting.
console.log: WebExtensions: reset-default-search: No addons in our list are installed.
console.warn: "Inspector destroyed while executing onReflow callback"
JavaScript error: https://gestioneorari.didattica.unimib.it/PortaleStudentiUnimib/index.php?view=login&include=login&from=logout&_lang=, line 1862: TypeError: $(...).datepicker is not a function
1632856654558	Marionette	INFO	Stopped listening on port 55291
JavaScript error: resource:///modules/Interactions.jsm, line 230: NS_ERROR_FAILURE: Component returned failure code: 0x80004005 (NS_ERROR_FAILURE) [nsIUserIdleService.removeIdleObserver]
console.error: "stylesheets: fetch failed for https://gestioneorari.didattica.unimib.it/PortaleStudentiUnimib/assets/css/app.css, using system principal instead."
console.error: "Error while calling actor 'pagestyle's method 'getApplied'" "Failed to open input source 'https://gestioneorari.didattica.unimib.it/PortaleStudentiUnimib/assets/css/app.css'"
console.error: ({})
console.error: "Tried to send a 'getApplied' method reply on an already destroyed actor 'pagestyle'"
console.error: "Error while calling actor 'pagestyle's method 'getLayout'" "style is null"
console.error: (new TypeError("style is null", "resource://devtools/server/actors/page-style.js", 1038))

###!!! [Parent][RunMessage] Error: Channel closing: too late to send/recv, messages will be lost

